<?xml version="1.0" encoding="UTF-8"?>
<!-- Generated by org.testng.reporters.JUnitXMLReporter -->
<testsuite ignored="0" hostname="Maharshis-MBP.fritz.box" failures="0" tests="5" name="Default test" time="36.76" errors="0" timestamp="10 May 2020 11:01:11 GMT">
  <testcase classname="com.herokuapp.theinternet.NegativeLogInTests" name="negativeLogInTest" time="2.913"/>
  <testcase classname="com.herokuapp.theinternet.NegativeLogInTests" name="negativeLogInTest" time="2.713"/>
  <testcase classname="com.herokuapp.theinternet.NegativeLogInTests" name="negativeLogInTest" time="2.781"/>
  <testcase classname="com.herokuapp.theinternet.NegativeLogInTests" name="negativeLogInTest" time="2.648"/>
  <testcase classname="com.herokuapp.theinternet.NegativeLogInTests" name="negativeLogInTest" time="2.667"/>
</testsuite> <!-- Default test -->
