<?xml version="1.0" encoding="UTF-8"?>
<!-- Generated by org.testng.reporters.JUnitXMLReporter -->
<testsuite ignored="0" hostname="Maharshis-MBP.fritz.box" failures="0" tests="7" name="Default test" time="57.15" errors="0" timestamp="16 Apr 2020 08:58:50 GMT">
  <testcase classname="com.herokuapp.theinternet.PositiveLoginTests" name="PositiveLoginTest" time="3.074"/>
  <testcase classname="com.herokuapp.theinternet.PositiveLoginTests" name="PositiveLoginTest" time="2.965"/>
  <testcase classname="com.herokuapp.theinternet.PositiveLoginTests" name="PositiveLoginTest1" time="2.959"/>
  <testcase classname="com.herokuapp.theinternet.PositiveLoginTests" name="PositiveLoginTest1" time="2.861"/>
  <testcase classname="com.herokuapp.theinternet.PositiveLoginTests" name="PositiveLoginTest1" time="2.825"/>
  <testcase classname="com.herokuapp.theinternet.PositiveLoginTests" name="PositiveLoginTest2" time="2.9"/>
  <testcase classname="com.herokuapp.theinternet.PositiveLoginTests" name="PositiveLoginTest2" time="2.89"/>
</testsuite> <!-- Default test -->
