<?xml version="1.0" encoding="UTF-8"?>
<!-- Generated by org.testng.reporters.JUnitXMLReporter -->
<testsuite ignored="1" hostname="Maharshis-MBP.fritz.box" failures="0" tests="1" name="NegativeuserNameTest" time="13.587" errors="0" timestamp="03 Jun 2020 16:10:45 GMT">
  <testcase classname="com.herokuapp.theinternet.LoginTests" name="negativLoginTests" time="2.659"/>
  <testcase classname="com.herokuapp.theinternet.LoginTests" name="positiveLoginTest" time="0.0">
    <ignored/>
  </testcase> <!-- positiveLoginTest -->
</testsuite> <!-- NegativeuserNameTest -->
