<?xml version="1.0" encoding="UTF-8"?>
<!-- Generated by org.testng.reporters.JUnitXMLReporter -->
<testsuite ignored="4" hostname="Maharshis-MBP.fritz.box" failures="0" tests="1" name="ExceptionTest" time="6.902" errors="0" timestamp="29 Mar 2020 12:06:23 GMT">
  <testcase classname="com.herokuapp.theinternet.ExceptionDemo" name="enableTextbox" time="4.89"/>
  <testcase classname="com.herokuapp.theinternet.ExceptionDemo" name="noSuchElementFound" time="0.0">
    <ignored/>
  </testcase> <!-- noSuchElementFound -->
  <testcase classname="com.herokuapp.theinternet.ExceptionDemo" name="staleElementTest" time="0.0">
    <ignored/>
  </testcase> <!-- staleElementTest -->
  <testcase classname="com.herokuapp.theinternet.ExceptionDemo" name="timeOut" time="0.0">
    <ignored/>
  </testcase> <!-- timeOut -->
  <testcase classname="com.herokuapp.theinternet.ExceptionDemo" name="notVisible" time="0.0">
    <ignored/>
  </testcase> <!-- notVisible -->
</testsuite> <!-- ExceptionTest -->
